[.] 02/04 22:52:40	{"urn":"urn:Document:Capa:Deviation:882868313"}	(UniversalLoadControl::exclusive) 13:/goldcut/apps/UniversalLoad/UniversalLoadControl.php
[.] 02/04 22:52:40	{Management:Post:Individual} [count: 1]	(UniversalLoadControl::exclusive) 14:/goldcut/apps/UniversalLoad/UniversalLoadControl.php
[ ] 02/04 22:53:42	urn:Document:Claim:R_LSC:856070659	(ProcessApp::exclusive) 92:/goldcut/apps/Process/ProcessApp.php
[.] 02/04 22:53:43	{"urn":"urn:Document:Claim:R_LSC:856070659"}	(UniversalLoadControl::exclusive) 13:/goldcut/apps/UniversalLoad/UniversalLoadControl.php
[.] 02/04 22:53:43	{Management:Post:Individual} [count: 1]	(UniversalLoadControl::exclusive) 14:/goldcut/apps/UniversalLoad/UniversalLoadControl.php
[ ] 02/04 22:53:43	NO FN LOAD_Claim_Editing_Claim_R_LSC	(UniversalLoadControl::exclusive) 32:/goldcut/apps/UniversalLoad/UniversalLoadControl.php
[ ] 02/04 22:53:43	LOAD_FALLBACK	(Goldcut::{closure}) 22:/FormDataStorage/universalLoadSave.php
[.] 02/04 22:53:43	LOADED PROMISE urn:Document:Claim:R_LSC:856070659	(Goldcut::{closure}) 23:/FormDataStorage/universalLoadSave.php
[.] 02/04 22:53:43	[Document:Claim:R_LSC] id: 856070659, state: CreateDraft, process: UPN:DMS>, children: {}, initiator: urn:Man>, privatedraft: t, returned: f, done: f, archived: f, created: 1459626819, updated: 1459626819, basevisants: {urn:Ma>, version: 1; companyproject:-, CompanyLegalEntityCounterparty:-, warehouse:-, DocumentSolutionUniversal:-, solutionvariants_DocumentSolutionUniversal:-, specialrequirement:-, attachments:-, purchaseorder:-, attachmentdocs:-, plancomingdate:-, code:-, parent:-, related:-, authors:-, vised:-, approved:-, additionalvisants:-, DMSDocumentUniversal:-, rtaken:-, DefinitionPrototypeDocument:-, hardmaster:-, hardcopy:-, effective:-, vnext:-, vprev:-, efrom:-, eto:-	(Goldcut::{closure}) 32:/FormDataStorage/universalLoadSave.php
[.] 02/04 22:53:43	{"id":856070659,"urn":"urn:Document:Claim:R_LSC:856070659","specialrequirement":null,"attachments":null,"purchaseorder":null,"attachmentdocs":null,"plancomingdate":null,"rtaken":null,"privatedraft":"t","state":"CreateDraft","code":"","process":"UPN:DMS:Claims:Claim:9628694","parent":"","children":[],"related":null,"initiator":"urn:Management:Post:Individual:1118804000","authors":null,"returned":"f","done":false,"effective":null,"archived":"f","vised":null,"approved":null,"created":"1459626819","updated":"1459626819","basevisants":["urn:Management:Post:Individual:1816416714","urn:Management:Post:Individual:88814251"],"additionalvisants":null,"hardmaster":null,"hardcopy":null,"version":1,"vnext":"","vprev":"","efrom":null,"eto":null}	(Goldcut::{closure}) 33:/FormDataStorage/universalLoadSave.php
[.] 04/04 12:40:25	{"urn":"urn:Document:Capa:Deviation:882868313"}	(UniversalLoadControl::exclusive) 13:/goldcut/apps/UniversalLoad/UniversalLoadControl.php
[.] 04/04 12:40:25	{Management:Post:Individual} [count: 1]	(UniversalLoadControl::exclusive) 14:/goldcut/apps/UniversalLoad/UniversalLoadControl.php
[.] 04/04 12:40:52	{"urn":"urn:Document:Claim:R_LSC:856070659"}	(UniversalLoadControl::exclusive) 13:/goldcut/apps/UniversalLoad/UniversalLoadControl.php
[.] 04/04 12:40:52	{Management:Post:Individual} [count: 1]	(UniversalLoadControl::exclusive) 14:/goldcut/apps/UniversalLoad/UniversalLoadControl.php
[ ] 04/04 12:42:31	urn:Document:Claim:R_LST:721500112	(ProcessApp::exclusive) 92:/goldcut/apps/Process/ProcessApp.php
[.] 04/04 12:42:32	{"urn":"urn:Document:Claim:R_LST:721500112"}	(UniversalLoadControl::exclusive) 13:/goldcut/apps/UniversalLoad/UniversalLoadControl.php
[.] 04/04 12:42:32	{Management:Post:Individual} [count: 1]	(UniversalLoadControl::exclusive) 14:/goldcut/apps/UniversalLoad/UniversalLoadControl.php
[ ] 04/04 12:42:32	NO FN LOAD_Claim_Editing_Claim_R_LST	(UniversalLoadControl::exclusive) 32:/goldcut/apps/UniversalLoad/UniversalLoadControl.php
[ ] 04/04 12:42:32	LOAD_FALLBACK	(Goldcut::{closure}) 22:/FormDataStorage/universalLoadSave.php
[.] 04/04 12:42:32	LOADED PROMISE urn:Document:Claim:R_LST:721500112	(Goldcut::{closure}) 23:/FormDataStorage/universalLoadSave.php
[.] 04/04 12:42:32	[Document:Claim:R_LST] id: 721500112, state: CreateDraft, process: UPN:DMS>, children: {}, initiator: urn:Man>, privatedraft: t, returned: f, done: f, archived: f, created: 1459762939, updated: 1459762939, basevisants: {urn:Ma>, version: 1; companyproject:-, CompanyLegalEntityCounterparty:-, warehouse:-, DocumentSolutionUniversal:-, specialrequirement:-, attachments:-, customsdeclarationtype:-, customsclearancedocs:-, customsclearancedate:-, adddescription:-, code:-, parent:-, related:-, authors:-, vised:-, approved:-, solutionvariants_DocumentSolutionUniversal:-, additionalvisants:-, DMSDocumentUniversal:-, rtaken:-, DefinitionPrototypeDocument:-, hardmaster:-, hardcopy:-, effective:-, vnext:-, vprev:-, efrom:-, eto:-	(Goldcut::{closure}) 32:/FormDataStorage/universalLoadSave.php
[.] 04/04 12:42:32	{"id":721500112,"urn":"urn:Document:Claim:R_LST:721500112","specialrequirement":null,"attachments":null,"customsdeclarationtype":null,"customsclearancedocs":null,"customsclearancedate":null,"adddescription":null,"rtaken":null,"privatedraft":"t","state":"CreateDraft","code":"","process":"UPN:DMS:Claims:Claim:4219199","parent":"","children":[],"related":null,"initiator":"urn:Management:Post:Individual:1118804000","authors":null,"returned":"f","done":false,"effective":null,"archived":"f","vised":null,"approved":null,"created":"1459762939","updated":"1459762939","basevisants":["urn:Management:Post:Individual:1816416714","urn:Management:Post:Individual:88814251"],"additionalvisants":null,"hardmaster":null,"hardcopy":null,"version":1,"vnext":"","vprev":"","efrom":null,"eto":null}	(Goldcut::{closure}) 33:/FormDataStorage/universalLoadSave.php
