[.] 02/04 22:48:30	route 1, app Index, fn/view request	(application::runApp) 267:/goldcut/framework/application.php
[.] 02/04 22:48:31	route 3, app Member, fn/view login	(application::runApp) 267:/goldcut/framework/application.php
[.] 02/04 22:49:25	route 1, app Index, fn/view request	(application::runApp) 267:/goldcut/framework/application.php
[.] 02/04 22:49:25	route 1, app Inbox, fn/view request	(application::runApp) 267:/goldcut/framework/application.php
[.] 02/04 22:52:24	route 6, app Capa, fn/view vise	(application::runApp) 267:/goldcut/framework/application.php
[.] 02/04 22:52:25	route 1, app Getcomment, fn/view request	(application::runApp) 267:/goldcut/framework/application.php
[.] 02/04 22:52:25	route 1, app Getcomment, fn/view request	(application::runApp) 267:/goldcut/framework/application.php
[.] 02/04 22:52:25	route 1, app Getcomment, fn/view request	(application::runApp) 267:/goldcut/framework/application.php
[.] 02/04 22:52:25	route 1, app Getcomment, fn/view request	(application::runApp) 267:/goldcut/framework/application.php
[.] 02/04 22:52:25	route 1, app Getcomment, fn/view request	(application::runApp) 267:/goldcut/framework/application.php
[.] 02/04 22:52:26	route 1, app Getcomment, fn/view request	(application::runApp) 267:/goldcut/framework/application.php
[.] 02/04 22:52:38	route 2, app UniversalDocument, fn/view resource	(application::runApp) 267:/goldcut/framework/application.php
[.] 02/04 22:52:40	route 8, app UniversalLoad, fn/view exclusive	(application::runApp) 267:/goldcut/framework/application.php
[.] 02/04 22:52:44	route 6, app Capa, fn/view vise	(application::runApp) 267:/goldcut/framework/application.php
[.] 02/04 22:52:44	route 1, app Getcomment, fn/view request	(application::runApp) 267:/goldcut/framework/application.php
[.] 02/04 22:52:44	route 1, app Getcomment, fn/view request	(application::runApp) 267:/goldcut/framework/application.php
[.] 02/04 22:52:44	route 1, app Getcomment, fn/view request	(application::runApp) 267:/goldcut/framework/application.php
[.] 02/04 22:52:45	route 1, app Getcomment, fn/view request	(application::runApp) 267:/goldcut/framework/application.php
[.] 02/04 22:52:45	route 1, app Getcomment, fn/view request	(application::runApp) 267:/goldcut/framework/application.php
[.] 02/04 22:52:45	route 1, app Getcomment, fn/view request	(application::runApp) 267:/goldcut/framework/application.php
[.] 02/04 22:53:32	route 3, app ProcessRBAC, fn/view processesICanStart	(application::runApp) 267:/goldcut/framework/application.php
[.] 02/04 22:53:34	route 3, app ProcessRBAC, fn/view processesICanStart	(application::runApp) 267:/goldcut/framework/application.php
[.] 02/04 22:53:39	route 1, app Inbox, fn/view request	(application::runApp) 267:/goldcut/framework/application.php
[.] 02/04 22:53:42	route 8, app Process, fn/view exclusive	(application::runApp) 267:/goldcut/framework/application.php
[.] 02/04 22:53:43	route 8, app UniversalLoad, fn/view exclusive	(application::runApp) 267:/goldcut/framework/application.php
[.] 02/04 22:55:24	route 8, app ProcessActorsDirector, fn/view exclusive	(application::runApp) 267:/goldcut/framework/application.php
[.] 02/04 22:55:24	route 1, app Inbox, fn/view request	(application::runApp) 267:/goldcut/framework/application.php
[.] 04/04 12:40:22	route 2, app UniversalDocument, fn/view resource	(application::runApp) 267:/goldcut/framework/application.php
[.] 04/04 12:40:25	route 8, app UniversalLoad, fn/view exclusive	(application::runApp) 267:/goldcut/framework/application.php
[.] 04/04 12:40:46	route 1, app Inbox, fn/view request	(application::runApp) 267:/goldcut/framework/application.php
[.] 04/04 12:40:51	route 2, app UniversalDocument, fn/view resource	(application::runApp) 267:/goldcut/framework/application.php
[.] 04/04 12:40:52	route 8, app UniversalLoad, fn/view exclusive	(application::runApp) 267:/goldcut/framework/application.php
[.] 04/04 12:41:17	route 3, app ProcessRBAC, fn/view processesICanStart	(application::runApp) 267:/goldcut/framework/application.php
[.] 04/04 12:41:57	route 3, app ProcessRBAC, fn/view processesICanStart	(application::runApp) 267:/goldcut/framework/application.php
[.] 04/04 12:42:20	route 1, app Inbox, fn/view request	(application::runApp) 267:/goldcut/framework/application.php
[.] 04/04 12:42:31	route 8, app Process, fn/view exclusive	(application::runApp) 267:/goldcut/framework/application.php
[.] 04/04 12:42:32	route 8, app UniversalLoad, fn/view exclusive	(application::runApp) 267:/goldcut/framework/application.php
